{"name": "test_search_without_entering_any_product", "status": "failed", "statusDetails": {"message": "AssertionError: assert False\n +  where False = <method-wrapper '__eq__' of str object at 0x0000016049711370>('There is no product that matches the search criteria.abv')\n +    where <method-wrapper '__eq__' of str object at 0x0000016049711370> = 'There is no product that matches the search criteria.'.__eq__\n +      where 'There is no product that matches the search criteria.' = <bound method SearchPage.retrieve_no_product_message of <pages.SearchPage.SearchPage object at 0x0000016048927390>>()\n +        where <bound method SearchPage.retrieve_no_product_message of <pages.SearchPage.SearchPage object at 0x0000016048927390>> = <pages.SearchPage.SearchPage object at 0x0000016048927390>.retrieve_no_product_message", "trace": "self = <tests.test_Search.TestSearch object at 0x00000160497183D0>\n\n    def test_search_without_entering_any_product(self):\n        home_page = HomePage(self.driver)\n        search_page = home_page.search_for_a_product(\"\")\n        expected_text = \"There is no product that matches the search criteria.abv\"\n>       assert search_page.retrieve_no_product_message().__eq__(expected_text)\nE       AssertionError: assert False\nE        +  where False = <method-wrapper '__eq__' of str object at 0x0000016049711370>('There is no product that matches the search criteria.abv')\nE        +    where <method-wrapper '__eq__' of str object at 0x0000016049711370> = 'There is no product that matches the search criteria.'.__eq__\nE        +      where 'There is no product that matches the search criteria.' = <bound method SearchPage.retrieve_no_product_message of <pages.SearchPage.SearchPage object at 0x0000016048927390>>()\nE        +        where <bound method SearchPage.retrieve_no_product_message of <pages.SearchPage.SearchPage object at 0x0000016048927390>> = <pages.SearchPage.SearchPage object at 0x0000016048927390>.retrieve_no_product_message\n\ntests\\test_Search.py:25: AssertionError"}, "start": 1684241691135, "stop": 1684241691770, "uuid": "78aa7f86-bf52-4e6e-9db8-da748146b1d5", "historyId": "05faa69b42346d7fd4713a5dbe872b45", "testCaseId": "05faa69b42346d7fd4713a5dbe872b45", "fullName": "tests.test_Search.TestSearch#test_search_without_entering_any_product", "labels": [{"name": "tag", "value": "@pytest.mark.usefixtures('setup_and_teardown', 'log_on_failure')"}, {"name": "parentSuite", "value": "tests"}, {"name": "suite", "value": "test_Search"}, {"name": "subSuite", "value": "TestSearch"}, {"name": "host", "value": "DESKTOP-VO28CS3"}, {"name": "thread", "value": "10320-MainThread"}, {"name": "framework", "value": "pytest"}, {"name": "language", "value": "cpython3"}, {"name": "package", "value": "tests.test_Search"}]}